0 info it worked if it ends with ok
1 verbose cli [ 'C:\\Program Files\\nodejs\\node.exe',
1 verbose cli   'C:\\Program Files\\nodejs\\node_modules\\npm\\bin\\npm-cli.js',
1 verbose cli   'start' ]
2 info using npm@3.10.10
3 info using node@v6.11.3
4 verbose run-script [ 'prestart', 'start', 'poststart' ]
5 info lifecycle inhalator@~prestart: inhalator@
6 silly lifecycle inhalator@~prestart: no script for prestart, continuing
7 info lifecycle inhalator@~start: inhalator@
8 verbose lifecycle inhalator@~start: unsafe-perm in lifecycle true
9 verbose lifecycle inhalator@~start: PATH: C:\Program Files\nodejs\node_modules\npm\bin\node-gyp-bin;C:\Users\LONAJ18\Documents\projects\inhalation-game.git\node_modules\.bin;C:\WINDOWS\system32;C:\WINDOWS;C:\WINDOWS\System32\Wbem;C:\WINDOWS\System32\WindowsPowerShell\v1.0\;C:\Program Files (x86)\Enterprise Vault\EVClient\;C:\Program Files (x86)\Brackets\command;C:\Program Files\Git\cmd;C:\Program Files\nodejs\;C:\Users\LONAJ18\AppData\Roaming\npm
10 verbose lifecycle inhalator@~start: CWD: C:\Users\LONAJ18\Documents\projects\inhalation-game.git
11 silly lifecycle inhalator@~start: Args: [ '/d /s /c', 'node build/server.js' ]
12 silly lifecycle inhalator@~start: Returned: code: 3221225786  signal: null
13 info lifecycle inhalator@~start: Failed to exec start script
14 verbose stack Error: inhalator@ start: `node build/server.js`
14 verbose stack Exit status 3221225786
14 verbose stack     at EventEmitter.<anonymous> (C:\Program Files\nodejs\node_modules\npm\lib\utils\lifecycle.js:255:16)
14 verbose stack     at emitTwo (events.js:106:13)
14 verbose stack     at EventEmitter.emit (events.js:191:7)
14 verbose stack     at ChildProcess.<anonymous> (C:\Program Files\nodejs\node_modules\npm\lib\utils\spawn.js:40:14)
14 verbose stack     at emitTwo (events.js:106:13)
14 verbose stack     at ChildProcess.emit (events.js:191:7)
14 verbose stack     at maybeClose (internal/child_process.js:920:16)
14 verbose stack     at Process.ChildProcess._handle.onexit (internal/child_process.js:230:5)
15 verbose pkgid inhalator@
16 verbose cwd C:\Users\LONAJ18\Documents\projects\inhalation-game.git\build
17 error Windows_NT 6.3.9600
18 error argv "C:\\Program Files\\nodejs\\node.exe" "C:\\Program Files\\nodejs\\node_modules\\npm\\bin\\npm-cli.js" "start"
19 error node v6.11.3
20 error npm  v3.10.10
21 error code ELIFECYCLE
22 error inhalator@ start: `node build/server.js`
22 error Exit status 3221225786
23 error Failed at the inhalator@ start script 'node build/server.js'.
23 error Make sure you have the latest version of node.js and npm installed.
23 error If you do, this is most likely a problem with the inhalator package,
23 error not with npm itself.
23 error Tell the author that this fails on your system:
23 error     node build/server.js
23 error You can get information on how to open an issue for this project with:
23 error     npm bugs inhalator
23 error Or if that isn't available, you can get their info via:
23 error     npm owner ls inhalator
23 error There is likely additional logging output above.
24 verbose exit [ 1, true ]
